<?xml version="1.0" encoding="UTF-8"?>
<testsuite xmlns:xsi="http://www.w3.org/2001/XMLSchema-instance" xsi:noNamespaceSchemaLocation="https://maven.apache.org/surefire/maven-surefire-plugin/xsd/surefire-test-report-3.0.xsd" version="3.0" name="TestSuite" time="21.774" tests="7" errors="0" skipped="0" failures="1">
  <properties>
[...]
</properties>
  <testcase name="runScenario[&quot;Search Experience for product search in home and offers page&quot;, &quot;Search and Buy Product&quot;](1)" classname="cucumberOptions.TestNGTestRunner" time="13.735">
    <system-out><![CDATA[Tomato is extracted from landingPage
Potato is extracted from landingPage
Carrot is extracted from landingPage
Tomato is extracted from landingPage
Cucumber is extracted from landingPage
Capsicum is extracted from landingPage
Brocolli is extracted from landingPage
3 quantity from landingPage is the same with 3 quantity from cartPage
Tomato is extracted from cartPage
Tomato from cartPage is the same with Tomato from landingPage
Potato is extracted from offerPage
Potato from landingPage is the same with Potato from offerPage
-----------------------
]]></system-out>
    <system-err><![CDATA[SLF4J: Failed to load class "org.slf4j.impl.StaticLoggerBinder".
SLF4J: Defaulting to no-operation (NOP) logger implementation
SLF4J: See http://www.slf4j.org/codes.html#StaticLoggerBinder for further details.
Jan 01, 2024 11:48:03 PM org.openqa.selenium.devtools.CdpVersionFinder findNearestMatch
WARNING: Unable to find an exact match for CDP version 120, returning the closest version; found: 119; Please update to a Selenium version that supports CDP version 120
Jan 01, 2024 11:48:03 PM org.openqa.selenium.devtools.CdpVersionFinder findNearestMatch
WARNING: Unable to find an exact match for CDP version 120, returning the closest version; found: 119; Please update to a Selenium version that supports CDP version 120
Jan 01, 2024 11:48:03 PM org.openqa.selenium.devtools.CdpVersionFinder findNearestMatch
WARNING: Unable to find an exact match for CDP version 120, returning the closest version; found: 119; Please update to a Selenium version that supports CDP version 120
Jan 01, 2024 11:48:03 PM org.openqa.selenium.devtools.CdpVersionFinder findNearestMatch
WARNING: Unable to find an exact match for CDP version 120, returning the closest version; found: 119; Please update to a Selenium version that supports CDP version 120
Jan 01, 2024 11:48:03 PM org.openqa.selenium.devtools.CdpVersionFinder findNearestMatch
WARNING: Unable to find an exact match for CDP version 120, returning the closest version; found: 119; Please update to a Selenium version that supports CDP version 120
Jan 01, 2024 11:48:03 PM org.openqa.selenium.devtools.CdpVersionFinder findNearestMatch
WARNING: Unable to find an exact match for CDP version 120, returning the closest version; found: 119; Please update to a Selenium version that supports CDP version 120
Jan 01, 2024 11:48:03 PM org.openqa.selenium.devtools.CdpVersionFinder findNearestMatch
WARNING: Unable to find an exact match for CDP version 120, returning the closest version; found: 119; Please update to a Selenium version that supports CDP version 120
]]></system-err>
  </testcase>
  <testcase name="runScenario[&quot;Search Experience for product search in home and offers page&quot;, &quot;Search and Buy Product&quot;](2)" classname="cucumberOptions.TestNGTestRunner" time="14.571">
    <system-out><![CDATA[55 quantity from landingPage is the same with 55 quantity from cartPage
Capsicum is extracted from cartPage
Capsicum from cartPage is the same with Capsicum from landingPage
Tomato is extracted from offerPage
Carrot is extracted from offerPage
Tomato from landingPage is the same with Tomato from offerPage
Carrot from landingPage is the same with Carrot from offerPage
No data is extracted from offerPage
-----------------------
]]></system-out>
  </testcase>
  <testcase name="runScenario[&quot;Search Experience for product search in home and offers page&quot;, &quot;Search and Buy Product&quot;](3)" classname="cucumberOptions.TestNGTestRunner" time="14.618">
    <system-out><![CDATA[-----------------------
]]></system-out>
  </testcase>
  <testcase name="runScenario[&quot;Search Experience for product search in home and offers page&quot;, &quot;Search and Buy Product&quot;](4)" classname="cucumberOptions.TestNGTestRunner" time="14.93">
    <failure message="expected [Cucumber] but found [No data]" type="java.lang.AssertionError"><![CDATA[java.lang.AssertionError: expected [Cucumber] but found [No data]
	at org.testng.Assert.fail(Assert.java:111)
	at org.testng.Assert.failNotEquals(Assert.java:1578)
	at org.testng.Assert.assertEqualsImpl(Assert.java:150)
	at org.testng.Assert.assertEquals(Assert.java:132)
	at org.testng.Assert.assertEquals(Assert.java:656)
	at org.testng.Assert.assertEquals(Assert.java:666)
	at stepDefinitions.OfferPageStepDefinition.validate_if_product_is_exist_with_same_name(OfferPageStepDefinition.java:69)
	at ✽.validate if product is exist with same name(file:///C:/Users/tommy/eclipse-workspace/CucumberProject/src/test/java/features/SearchMultipleProduct.feature:9)
]]></failure>
    <system-out><![CDATA[111 quantity from landingPage is the same with 111 quantity from cartPage
Brocolli is extracted from cartPage
Brocolli from cartPage is the same with Brocolli from landingPage
-----------------------
]]></system-out>
  </testcase>
  <testcase name="runScenario[&quot;Add product to cart and checkout the product&quot;, &quot;Search and Buy Product&quot;](5)" classname="cucumberOptions.TestNGTestRunner" time="19.282">
    <system-out><![CDATA[Invalid code ..!
-----------------------
]]></system-out>
  </testcase>
  <testcase name="runScenario[&quot;Add product to cart and checkout the product&quot;, &quot;Search and Buy Product&quot;](6)" classname="cucumberOptions.TestNGTestRunner" time="20.281">
    <system-out><![CDATA[Invalid code ..!
Invalid code ..!
-----------------------
]]></system-out>
  </testcase>
  <testcase name="runScenario[&quot;Add product to cart and checkout the product&quot;, &quot;Search and Buy Product&quot;](7)" classname="cucumberOptions.TestNGTestRunner" time="20.517">
    <system-out><![CDATA[-----------------------
]]></system-out>
  </testcase>
</testsuite>